[2020-03-13 17:45:17][ERROR] FILE NOT FOUND EXCEPTION: java.io.FileNotFoundException: config.properties (Не удается найти указанный файл)
[2020-03-13 17:48:24][ERROR] FILE NOT FOUND EXCEPTION: java.io.FileNotFoundException: config.properties (Не удается найти указанный файл)
[2020-03-13 17:52:12][ERROR] FILE NOT FOUND EXCEPTION: java.io.FileNotFoundException: config.properties (Не удается найти указанный файл)
[2020-03-13 17:53:40][ERROR] FILE NOT FOUND EXCEPTION: java.io.FileNotFoundException: config.properties (Не удается найти указанный файл)
[2020-03-13 18:05:40][ERROR] FILE NOT FOUND EXCEPTION: java.io.FileNotFoundException: config.properties (Не удается найти указанный файл)
[2020-03-13 18:07:27][ERROR] FILE NOT FOUND EXCEPTION: java.io.FileNotFoundException: config.properties (Не удается найти указанный файл)
[2020-03-13 18:22:51][ERROR] FILE NOT FOUND EXCEPTION: java.io.FileNotFoundException: config.properties (Не удается найти указанный файл)
[2020-03-13 18:44:19][ERROR] FILE NOT FOUND EXCEPTION: java.io.FileNotFoundException: config.properties (Не удается найти указанный файл)
[2020-03-13 18:45:25][ERROR] FILE NOT FOUND EXCEPTION: java.io.FileNotFoundException: config.properties (Не удается найти указанный файл)
[2020-03-13 18:46:00][ERROR] FILE NOT FOUND EXCEPTION: java.io.FileNotFoundException: config.properties (Не удается найти указанный файл)
[2020-03-13 18:59:39][ERROR] FILE NOT FOUND EXCEPTION: java.io.FileNotFoundException: config.properties (Не удается найти указанный файл)
[2020-03-13 19:06:40][ERROR] ERROR TELEGRAM BOT TOKEN: org.telegram.telegrambots.meta.exceptions.TelegramApiRequestException: Error removing old webhook
[2020-03-13 20:07:17][ERROR] ERROR TELEGRAM BOT TOKEN: org.telegram.telegrambots.meta.exceptions.TelegramApiRequestException: Error removing old webhook
[2020-03-13 20:14:40][ERROR] ERROR TELEGRAM BOT TOKEN: org.telegram.telegrambots.meta.exceptions.TelegramApiRequestException: Error removing old webhook
[2020-03-13 21:39:18][ERROR] ERROR TELEGRAM BOT TOKEN: org.telegram.telegrambots.meta.exceptions.TelegramApiRequestException: Error removing old webhook
[2020-03-13 21:40:17][ERROR] ERROR TELEGRAM BOT TOKEN: org.telegram.telegrambots.meta.exceptions.TelegramApiRequestException: Error removing old webhook
[2020-03-13 22:09:20][INFO] BOT WORKING
[2020-03-13 22:11:43][INFO] I/O exception (java.net.SocketException) caught when processing request to {s}->https://api.telegram.org:443: Connection refused: connect
[2020-03-13 22:11:43][INFO] Retrying request to {s}->https://api.telegram.org:443
[2020-03-13 22:11:45][INFO] I/O exception (java.net.SocketException) caught when processing request to {s}->https://api.telegram.org:443: Connection refused: connect
[2020-03-13 22:11:45][INFO] Retrying request to {s}->https://api.telegram.org:443
[2020-03-13 22:11:47][INFO] I/O exception (java.net.SocketException) caught when processing request to {s}->https://api.telegram.org:443: Connection refused: connect
[2020-03-13 22:11:47][INFO] Retrying request to {s}->https://api.telegram.org:443
[2020-03-13 22:11:49][ERROR] ERROR TELEGRAM BOT TOKEN: org.telegram.telegrambots.meta.exceptions.TelegramApiRequestException: Error removing old webhook
